<?xml version="1.0" encoding="UTF-8"?>
<testsuite name="org.hyperskill.tests.stopwatch.Stage4UnitTest" tests="7" skipped="0" failures="0" errors="0" timestamp="2022-12-04T15:40:39" hostname="DESKTOP-J2BTMC0" time="1.891">
  <properties/>
  <testcase name="test1_ShouldCheckSettingsButtonExist" classname="org.hyperskill.tests.stopwatch.Stage4UnitTest" time="0.193"/>
  <testcase name="test2_ShouldCheckSettingsButtonEnable" classname="org.hyperskill.tests.stopwatch.Stage4UnitTest" time="0.203"/>
  <testcase name="test3_ShouldShowAlertDialogOnSettingsButtonClick" classname="org.hyperskill.tests.stopwatch.Stage4UnitTest" time="0.316"/>
  <testcase name="test4_DialogButtonsShouldContainText" classname="org.hyperskill.tests.stopwatch.Stage4UnitTest" time="0.27"/>
  <testcase name="test5_ShouldCheckLimitIsNotSetOnCancel" classname="org.hyperskill.tests.stopwatch.Stage4UnitTest" time="0.322"/>
  <testcase name="test6_ShouldCheckLimitIsSetOnOk" classname="org.hyperskill.tests.stopwatch.Stage4UnitTest" time="0.294"/>
  <testcase name="test7_ShouldCheckColorsOnRestart" classname="org.hyperskill.tests.stopwatch.Stage4UnitTest" time="0.292"/>
  <system-out><![CDATA[]]></system-out>
  <system-err><![CDATA[]]></system-err>
</testsuite>
